[2025.08.27 09:01:47] [DEBUG] Saving configuration to 'F:\DEV\PROD\Profile\Config-Reset-PowerShellProfiles.ps1.json'.
[2025.08.27 09:11:08] [INFO] Configuration applied successfully.
[2025.08.27 09:11:10] [DEBUG] Saving configuration to 'F:\DEV\PROD\Profile\Config-Reset-PowerShellProfiles.ps1.json'.
[2025.08.27 09:11:10] [INFO] GUI is restarting to apply language change...
[2025.08.27 09:11:13] [DEBUG] Saving configuration to 'F:\DEV\PROD\Profile\Config-Reset-PowerShellProfiles.ps1.json'.
[2025.08.27 09:11:13] [INFO] GUI is restarting to apply language change...
[2025.08.27 09:11:14] [DEBUG] Saving configuration to 'F:\DEV\PROD\Profile\Config-Reset-PowerShellProfiles.ps1.json'.
[2025.08.27 09:11:15] [ERROR] Critical Error: Exception calling "ShowDialog" with "0" argument(s): "Cannot set Visibility or call Show, ShowDialog, or WindowInteropHelper.EnsureHandle after a Window has closed."
[2025.08.27 09:11:18] [DEBUG] Testing connection to SMTP server  on port 25...
[2025.08.27 09:11:40] [INFO] Sending email notification to 'Thomas.garnreiter@meduniwien.ac.at'.
[2025.08.27 09:11:41] [ERROR] Error sending email: Exception calling ".ctor" with "4" argument(s): "The parameter 'from' cannot be an empty string.
Parameter name: from"
[2025.08.27 09:11:44] [INFO] Starting archive maintenance...
[2025.08.27 09:11:44] [DEBUG] Saving configuration to 'F:\DEV\PROD\Profile\Config-Reset-PowerShellProfiles.ps1.json'.
[2025.08.27 09:11:44] [INFO] --- Script finished: Reset-PowerShellProfiles.ps1. ---
[2025.08.27 14:11:51] [INFO] Configuration applied successfully.
[2025.08.27 14:11:53] [DEBUG] Saving configuration to 'F:\DEV\PROD\Profile\Config\Config-Reset-PowerShellProfiles.ps1.json'.
[2025.08.27 14:11:53] [INFO] Configuration applied successfully.
[2025.08.27 14:12:06] [DEBUG] Saving configuration to 'F:\DEV\PROD\Profile\Config\Config-Reset-PowerShellProfiles.ps1.json'.
[2025.08.27 14:12:06] [INFO] Configuration applied successfully.
[2025.08.27 14:12:08] [DEBUG] Saving configuration to 'F:\DEV\PROD\Profile\Config\Config-Reset-PowerShellProfiles.ps1.json'.
[2025.08.27 14:12:08] [INFO] Restarting script to apply language change...
[2025.08.27 14:12:12] [DEBUG] Saving configuration to 'F:\DEV\PROD\Profile\Config\Config-Reset-PowerShellProfiles.ps1.json'.
[2025.08.27 14:12:12] [INFO] Restarting script to apply language change...
[2025.08.27 14:12:15] [DEBUG] Saving configuration to 'F:\DEV\PROD\Profile\Config\Config-Reset-PowerShellProfiles.ps1.json'.
[2025.08.27 14:12:15] [INFO] Restarting script to apply language change...
[2025.08.27 14:12:19] [DEBUG] Saving configuration to 'F:\DEV\PROD\Profile\Config\Config-Reset-PowerShellProfiles.ps1.json'.
[2025.08.27 14:12:19] [INFO] Restarting script to apply language change...
[2025.08.27 14:13:20] [DEBUG] Saving configuration to 'F:\DEV\PROD\Profile\Config\Config-Reset-PowerShellProfiles.ps1.json'.
[2025.08.27 14:13:21] [INFO] Configuration applied successfully.
[2025.08.27 14:13:24] [DEBUG] Saving configuration to 'F:\DEV\PROD\Profile\Config\Config-Reset-PowerShellProfiles.ps1.json'.
[2025.08.27 14:13:24] [INFO] Configuration applied successfully.
[2025.08.27 14:13:25] [DEBUG] Saving configuration to 'F:\DEV\PROD\Profile\Config\Config-Reset-PowerShellProfiles.ps1.json'.
[2025.08.27 14:13:25] [INFO] Configuration applied successfully.
[2025.08.27 14:13:26] [DEBUG] Saving configuration to 'F:\DEV\PROD\Profile\Config\Config-Reset-PowerShellProfiles.ps1.json'.
[2025.08.27 14:13:26] [INFO] Restarting script to apply language change...
[2025.08.27 14:33:42] [INFO] --- Script started: Reset-PowerShellProfiles.ps1 v08.00.04 ---
[2025.08.27 14:33:43] [DEBUG] All template files found.
[2025.08.27 14:33:43] [INFO] Deleting existing PowerShell profiles...
[2025.08.27 14:33:43] [DEBUG] Querying all four potential profile paths.
[2025.08.27 14:33:43] [INFO] Creating new profiles from templates...
[2025.08.27 14:33:43] [DEBUG] Determining system-wide profile path for this PowerShell edition.
[2025.08.27 14:33:43] [INFO]   - Created: C:\WINDOWS\System32\WindowsPowerShell\v1.0\profile.ps1
[2025.08.27 14:33:43] [DEBUG] Version for 'C:\WINDOWS\System32\WindowsPowerShell\v1.0\profile.ps1' was set to 'v23.0.0' using encoding 'UTF8'.
[2025.08.27 14:33:43] [INFO]   - Created: C:\WINDOWS\System32\WindowsPowerShell\v1.0\profileX.ps1
[2025.08.27 14:33:43] [DEBUG] Version for 'C:\WINDOWS\System32\WindowsPowerShell\v1.0\profileX.ps1' was set to 'v6.0.0' using encoding 'UTF8'.
[2025.08.27 14:33:43] [INFO]   - Created: C:\WINDOWS\System32\WindowsPowerShell\v1.0\ProfileMOD.ps1
[2025.08.27 14:33:43] [DEBUG] Version for 'C:\WINDOWS\System32\WindowsPowerShell\v1.0\ProfileMOD.ps1' was set to 'v6.0.0' using encoding 'UTF8'.
[2025.08.27 14:33:43] [INFO] PowerShell profiles have been reset successfully.
[2025.08.27 14:33:43] [DEBUG] Testing connection to SMTP server smtpi.meduniwien.ac.at on port 25...
[2025.08.27 14:33:48] [INFO] Sending email notification to 'Thomas.garnreiter@meduniwien.ac.at'.
[2025.08.27 14:33:48] [INFO] Email sent successfully.
[2025.08.27 14:33:48] [INFO] Starting archive maintenance...
[2025.08.27 14:33:48] [DEBUG] Saving configuration to 'F:\DEV\PROD\Profile\Config\Config-Reset-PowerShellProfiles.ps1.json'.
[2025.08.27 14:33:48] [INFO] --- Script finished: Reset-PowerShellProfiles.ps1. ---
[2025.08.27 14:34:25] [INFO] --- Script started: Reset-PowerShellProfiles.ps1 v08.00.04 ---
[2025.08.27 14:34:25] [DEBUG] All template files found.
[2025.08.27 14:34:25] [INFO] Deleting existing PowerShell profiles...
[2025.08.27 14:34:25] [DEBUG] Querying all four potential profile paths.
[2025.08.27 14:34:25] [INFO]   - Deleted: C:\Windows\System32\WindowsPowerShell\v1.0\profile.ps1
[2025.08.27 14:34:25] [INFO] Creating new profiles from templates...
[2025.08.27 14:34:25] [DEBUG] Determining system-wide profile path for this PowerShell edition.
[2025.08.27 14:34:25] [INFO]   - Created: C:\WINDOWS\System32\WindowsPowerShell\v1.0\profile.ps1
[2025.08.27 14:34:25] [DEBUG] Version for 'C:\WINDOWS\System32\WindowsPowerShell\v1.0\profile.ps1' was set to 'v23.0.0' using encoding 'UTF8'.
[2025.08.27 14:34:25] [INFO]   - Created: C:\WINDOWS\System32\WindowsPowerShell\v1.0\profileX.ps1
[2025.08.27 14:34:25] [DEBUG] Version for 'C:\WINDOWS\System32\WindowsPowerShell\v1.0\profileX.ps1' was set to 'v6.0.0' using encoding 'UTF8'.
[2025.08.27 14:34:25] [INFO]   - Created: C:\WINDOWS\System32\WindowsPowerShell\v1.0\ProfileMOD.ps1
[2025.08.27 14:34:25] [DEBUG] Version for 'C:\WINDOWS\System32\WindowsPowerShell\v1.0\ProfileMOD.ps1' was set to 'v6.0.0' using encoding 'UTF8'.
[2025.08.27 14:34:25] [INFO] PowerShell profiles have been reset successfully.
[2025.08.27 14:34:25] [DEBUG] Testing connection to SMTP server smtpi.meduniwien.ac.at on port 25...
[2025.08.27 14:34:28] [INFO] Sending email notification to 'Thomas.garnreiter@meduniwien.ac.at'.
[2025.08.27 14:34:28] [INFO] Email sent successfully.
[2025.08.27 14:34:28] [INFO] Starting archive maintenance...
[2025.08.27 14:34:28] [DEBUG] Saving configuration to 'F:\DEV\PROD\Profile\Config\Config-Reset-PowerShellProfiles.ps1.json'.
[2025.08.27 14:34:28] [INFO] --- Script finished: Reset-PowerShellProfiles.ps1. ---
[2025.08.27 14:35:00] [DEBUG] Saving configuration to 'F:\DEV\PROD\Profile\Config\Config-Reset-PowerShellProfiles.ps1.json'.
[2025.08.27 14:35:00] [INFO] Restarting script to apply language change...
[2025.08.27 15:02:45] [INFO] Configuration applied successfully.
[2025.08.27 15:02:46] [DEBUG] Saving configuration to 'F:\DEV\PROD\Profile\Config\Config-Reset-PowerShellProfiles.ps1.json'.
[2025.08.27 15:02:47] [INFO] Restarting script to apply language change...
[2025.08.27 15:02:48] [DEBUG] Ensuring default German localization file is up-to-date.
[2025.08.27 15:02:48] [DEBUG] Ensuring default English localization file is up-to-date.
[2025.08.27 15:02:52] [DEBUG] Saving configuration to 'F:\DEV\PROD\Profile\Config\Config-Reset-PowerShellProfiles.ps1.json'.
[2025.08.27 15:02:52] [INFO] Restarting script to apply language change...
[2025.08.27 15:02:53] [DEBUG] Ensuring default German localization file is up-to-date.
[2025.08.27 15:02:53] [DEBUG] Ensuring default English localization file is up-to-date.
[2025.08.27 15:03:46] [DEBUG] Saving configuration to 'F:\DEV\PROD\Profile\Config\Config-Reset-PowerShellProfiles.ps1.json'.
[2025.08.27 15:03:46] [INFO] Configuration applied successfully.
[2025.08.27 15:03:46] [DEBUG] Saving configuration to 'F:\DEV\PROD\Profile\Config\Config-Reset-PowerShellProfiles.ps1.json'.
[2025.08.27 15:03:46] [INFO] Configuration applied successfully.
[2025.08.27 15:03:48] [INFO] Restarting script to apply language change...
[2025.08.27 15:03:49] [DEBUG] Ensuring default German localization file is up-to-date.
[2025.08.27 15:03:49] [DEBUG] Ensuring default English localization file is up-to-date.
[2025.08.27 15:04:35] [DEBUG] Ensuring default German localization file is up-to-date.
[2025.08.27 15:07:50] [DEBUG] Ensuring default German localization file is up-to-date.
[2025.08.27 15:07:50] [DEBUG] Ensuring default English localization file is up-to-date.
[2025.08.27 15:07:52] [DEBUG] Saving configuration to 'F:\DEV\PROD\Profile\Config\Config-Reset-PowerShellProfiles.ps1.json'.
[2025.08.27 15:07:52] [INFO] Restarting script to apply language change...
[2025.08.27 15:07:53] [DEBUG] Ensuring default German localization file is up-to-date.
[2025.08.27 15:07:53] [DEBUG] Ensuring default English localization file is up-to-date.
[2025.08.27 15:07:58] [DEBUG] Saving configuration to 'F:\DEV\PROD\Profile\Config\Config-Reset-PowerShellProfiles.ps1.json'.
[2025.08.27 15:07:58] [INFO] Restarting script to apply language change...
[2025.08.27 15:07:59] [DEBUG] Ensuring default German localization file is up-to-date.
[2025.08.27 15:07:59] [DEBUG] Ensuring default English localization file is up-to-date.
