[2025.08.29 15:22:57] [INFO] --- Script started: Reset-PowerShellProfiles.ps1 v09.04.00 ---
[2025.08.29 15:22:57] [INFO] Deleting existing PowerShell profiles...
[2025.08.29 15:22:57] [INFO]   - Deleted: C:\Program Files\PowerShell\7\profile.ps1
[2025.08.29 15:22:57] [INFO] Creating new profiles from templates...
[2025.08.29 15:22:57] [INFO]   - Created: C:\Program Files\PowerShell\7\profile.ps1
[2025.08.29 15:22:57] [INFO]   - Created: C:\Program Files\PowerShell\7\profileX.ps1
[2025.08.29 15:22:57] [INFO]   - Created: C:\Program Files\PowerShell\7\ProfileMOD.ps1
[2025.08.29 15:22:57] [INFO] PowerShell profiles have been reset successfully.
[2025.08.29 15:22:57] [INFO] Log archiving is disabled.
[2025.08.29 15:22:57] [INFO] --- Script finished: Reset-PowerShellProfiles.ps1. ---
[2025.08.29 15:23:08] [INFO] Starting version control for configuration file...
[2025.08.29 15:23:08] [WARNING] Missing property in configuration found. Adding 'LanguageFileVersions'.
[2025.08.29 15:23:13] [WARNING] Rulebook version conflict! Script requires v7.3.0, Config has v6.6.6. Updating.
[2025.08.29 15:23:16] [INFO] Configuration file has been updated. Saving changes.
[2025.08.29 15:23:16] [ERROR] Error saving configuration file: Cannot bind argument to parameter 'Path' because it is an empty string.
[2025.08.29 15:23:19] [WARNING] Language file 'en-US' is outdated or corrupt (Version: $enVersion, Expected: v1.0.0). Regenerating.
[2025.08.29 15:23:34] [INFO] Configuration applied successfully.
[2025.08.29 15:23:35] [INFO] Configuration applied successfully.
[2025.08.29 15:23:35] [INFO] Configuration applied successfully.
[2025.08.29 15:23:58] [INFO] Restarting GUI to apply language change...
[2025.08.29 15:23:58] [INFO] Starting version control for configuration file...
[2025.08.29 15:23:58] [INFO] Configuration is up to date.
[2025.08.29 15:23:58] [WARNING] Language file 'en-US' is outdated or corrupt (Version: $enVersion, Expected: ). Regenerating.
[2025.08.29 15:24:04] [INFO] Configuration applied successfully.
[2025.08.29 15:24:04] [INFO] Restarting GUI to apply language change...
[2025.08.29 15:24:04] [INFO] Starting version control for configuration file...
[2025.08.29 15:24:04] [INFO] Configuration is up to date.
[2025.08.29 15:24:04] [WARNING] Language file 'en-US' is outdated or corrupt (Version: $enVersion, Expected: ). Regenerating.
[2025.08.29 15:35:32] [INFO] --- Script started: Reset-PowerShellProfiles.ps1 v09.04.00 ---
[2025.08.29 15:35:32] [INFO] Starting Git update for profile templates...
[2025.08.29 15:35:32] [INFO] Local repository found. Fetching updates...
[2025.08.29 15:35:32] [INFO] Repository updated successfully to latest version from branch 'main'.
[2025.08.29 15:35:32] [INFO] Using template files from Git cache: F:\VSCode\Profile\GitCache\repository
[2025.08.29 15:35:32] [INFO] Deleting existing PowerShell profiles...
[2025.08.29 15:35:32] [INFO]   - Deleted: C:\Program Files\PowerShell\7\profile.ps1
[2025.08.29 15:35:32] [INFO] Creating new profiles from templates...
[2025.08.29 15:35:32] [INFO]   - Created: C:\Program Files\PowerShell\7\profile.ps1
[2025.08.29 15:35:32] [INFO]   - Created: C:\Program Files\PowerShell\7\profileX.ps1
[2025.08.29 15:35:32] [INFO]   - Created: C:\Program Files\PowerShell\7\ProfileMOD.ps1
[2025.08.29 15:35:32] [INFO] PowerShell profiles have been reset successfully.
[2025.08.29 15:35:32] [INFO] Log archiving is disabled.
[2025.08.29 15:35:32] [INFO] --- Script finished: Reset-PowerShellProfiles.ps1. ---
[2025.08.29 15:35:58] [INFO] Starting version control for configuration file...
[2025.08.29 15:35:58] [INFO] Configuration is up to date.
[2025.08.29 15:35:58] [WARNING] Language file 'en-US' is outdated or corrupt (Version: $enVersion, Expected: ). Regenerating.
[2025.08.29 15:36:13] [INFO] Configuration applied successfully.
[2025.08.29 15:36:14] [INFO] Restarting GUI to apply language change...
[2025.08.29 15:36:14] [INFO] Starting version control for configuration file...
[2025.08.29 15:36:14] [INFO] Configuration is up to date.
[2025.08.29 15:36:14] [WARNING] Language file 'en-US' is outdated or corrupt (Version: $enVersion, Expected: ). Regenerating.
[2025.08.29 15:36:18] [INFO] Restarting GUI to apply language change...
[2025.08.29 15:36:18] [INFO] Starting version control for configuration file...
[2025.08.29 15:36:18] [INFO] Configuration is up to date.
[2025.08.29 15:36:18] [WARNING] Language file 'en-US' is outdated or corrupt (Version: $enVersion, Expected: ). Regenerating.
[2025.08.29 15:36:24] [INFO] Restarting GUI to apply language change...
[2025.08.29 15:36:24] [INFO] Starting version control for configuration file...
[2025.08.29 15:36:24] [INFO] Configuration is up to date.
[2025.08.29 15:36:24] [WARNING] Language file 'en-US' is outdated or corrupt (Version: $enVersion, Expected: ). Regenerating.
[2025.08.29 15:41:02] [INFO] Restarting GUI to apply language change...
[2025.08.29 15:43:13] [INFO] Restarting GUI to apply language change...
[2025.08.29 15:43:13] [INFO] Starting version control for configuration file...
[2025.08.29 15:43:13] [INFO] Configuration is up to date.
[2025.08.29 15:43:13] [WARNING] Language file 'en-US' is outdated or corrupt (Version: $enVersion, Expected: ). Regenerating.
[2025.08.29 15:43:14] [INFO] Restarting GUI to apply language change...
[2025.08.29 15:43:14] [INFO] Starting version control for configuration file...
[2025.08.29 15:43:14] [INFO] Configuration is up to date.
[2025.08.29 15:43:14] [WARNING] Language file 'en-US' is outdated or corrupt (Version: $enVersion, Expected: ). Regenerating.
[2025.08.29 15:45:59] [INFO] Restarting GUI to apply language change...
[2025.08.29 15:45:59] [INFO] Starting version control for configuration file...
[2025.08.29 15:45:59] [INFO] Configuration is up to date.
[2025.08.29 15:45:59] [WARNING] Language file 'en-US' is outdated or corrupt (Version: $enVersion, Expected: ). Regenerating.
[2025.08.29 15:46:00] [INFO] Restarting GUI to apply language change...
[2025.08.29 15:46:00] [INFO] Starting version control for configuration file...
[2025.08.29 15:46:00] [INFO] Configuration is up to date.
[2025.08.29 15:46:00] [WARNING] Language file 'en-US' is outdated or corrupt (Version: $enVersion, Expected: ). Regenerating.
[2025.08.29 15:46:01] [INFO] Restarting GUI to apply language change...
[2025.08.29 15:46:01] [INFO] Starting version control for configuration file...
[2025.08.29 15:46:01] [INFO] Configuration is up to date.
[2025.08.29 15:46:01] [WARNING] Language file 'en-US' is outdated or corrupt (Version: $enVersion, Expected: ). Regenerating.
[2025.08.29 15:46:02] [INFO] Restarting GUI to apply language change...
[2025.08.29 15:46:02] [INFO] Starting version control for configuration file...
[2025.08.29 15:46:02] [INFO] Configuration is up to date.
[2025.08.29 15:46:02] [WARNING] Language file 'en-US' is outdated or corrupt (Version: $enVersion, Expected: ). Regenerating.
[2025.08.29 15:46:03] [INFO] Restarting GUI to apply language change...
[2025.08.29 15:46:04] [INFO] Starting version control for configuration file...
[2025.08.29 15:46:04] [INFO] Configuration is up to date.
[2025.08.29 15:46:04] [WARNING] Language file 'en-US' is outdated or corrupt (Version: $enVersion, Expected: ). Regenerating.
[2025.08.29 15:46:05] [INFO] Configuration applied successfully.
[2025.08.29 15:46:05] [INFO] Configuration applied successfully.
[2025.08.29 15:46:06] [INFO] Configuration applied successfully.
[2025.08.29 15:46:07] [INFO] Restarting GUI to apply language change...
[2025.08.29 15:46:07] [INFO] Starting version control for configuration file...
[2025.08.29 15:46:07] [INFO] Configuration is up to date.
[2025.08.29 15:46:07] [WARNING] Language file 'en-US' is outdated or corrupt (Version: $enVersion, Expected: ). Regenerating.
[2025.08.29 15:46:13] [INFO] Restarting GUI to apply language change...
[2025.08.29 15:46:13] [INFO] Starting version control for configuration file...
[2025.08.29 15:46:13] [INFO] Configuration is up to date.
[2025.08.29 15:46:13] [WARNING] Language file 'en-US' is outdated or corrupt (Version: $enVersion, Expected: ). Regenerating.
[2025.08.29 16:01:15] [INFO] --- Script started: Reset-PowerShellProfiles.ps1 v09.04.00 ---
[2025.08.29 16:01:15] [INFO] Deleting existing PowerShell profiles...
[2025.08.29 16:01:15] [INFO]   - Deleted: C:\Program Files\PowerShell\7\profile.ps1
[2025.08.29 16:01:15] [INFO] Creating new profiles from templates...
[2025.08.29 16:01:15] [INFO]   - Created: C:\Program Files\PowerShell\7\profile.ps1
[2025.08.29 16:01:15] [INFO]   - Created: C:\Program Files\PowerShell\7\profileX.ps1
[2025.08.29 16:01:15] [INFO]   - Created: C:\Program Files\PowerShell\7\ProfileMOD.ps1
[2025.08.29 16:01:15] [INFO] PowerShell profiles have been reset successfully.
[2025.08.29 16:01:15] [INFO] Starting archive maintenance...
[2025.08.29 16:01:15] [INFO] --- Script finished: Reset-PowerShellProfiles.ps1. ---
[2025.08.29 16:01:18] [INFO] --- Script started: Reset-PowerShellProfiles.ps1 v09.04.00 ---
[2025.08.29 16:01:18] [INFO] Deleting existing PowerShell profiles...
[2025.08.29 16:01:18] [INFO]   - Deleted: C:\Program Files\PowerShell\7\profile.ps1
[2025.08.29 16:01:18] [INFO] Creating new profiles from templates...
[2025.08.29 16:01:18] [INFO]   - Created: C:\Program Files\PowerShell\7\profile.ps1
[2025.08.29 16:01:18] [INFO]   - Created: C:\Program Files\PowerShell\7\profileX.ps1
[2025.08.29 16:01:18] [INFO]   - Created: C:\Program Files\PowerShell\7\ProfileMOD.ps1
[2025.08.29 16:01:19] [INFO] PowerShell profiles have been reset successfully.
[2025.08.29 16:01:19] [INFO] Starting archive maintenance...
[2025.08.29 16:01:19] [INFO] --- Script finished: Reset-PowerShellProfiles.ps1. ---
