[2025.08.28 07:48:42] [INFO] Restarting script to apply language change...
[2025.08.28 07:48:47] [INFO] Restarting script to apply language change...
[2025.08.28 07:48:50] [INFO] Restarting script to apply language change...
[2025.08.28 07:50:17] [INFO] Configuration applied successfully.
[2025.08.28 07:50:18] [INFO] Configuration applied successfully.
[2025.08.28 07:50:19] [INFO] Configuration applied successfully.
[2025.08.28 07:50:19] [INFO] Configuration applied successfully.
[2025.08.28 07:50:19] [INFO] Configuration applied successfully.
[2025.08.28 07:50:20] [INFO] Restarting script to apply language change...
[2025.08.28 08:38:08] [INFO] Configuration applied successfully.
[2025.08.28 08:38:09] [INFO] Restarting script to apply language change...
[2025.08.28 08:38:11] [INFO] Restarting script to apply language change...
[2025.08.28 08:38:17] [INFO] Restarting script to apply language change...
[2025.08.28 08:42:23] [INFO] --- Script started: Reset-PowerShellProfiles.ps1 v08.00.15 ---
[2025.08.28 08:42:23] [INFO] Deleting existing PowerShell profiles...
[2025.08.28 08:42:23] [INFO] Creating new profiles from templates...
[2025.08.28 08:42:23] [INFO]   - Created: C:\WINDOWS\System32\WindowsPowerShell\v1.0\profile.ps1
[2025.08.28 08:42:23] [INFO]   - Created: C:\WINDOWS\System32\WindowsPowerShell\v1.0\profileX.ps1
[2025.08.28 08:42:23] [INFO]   - Created: C:\WINDOWS\System32\WindowsPowerShell\v1.0\ProfileMOD.ps1
[2025.08.28 08:42:23] [INFO] PowerShell profiles have been reset successfully.
[2025.08.28 08:42:23] [INFO] Log archiving is disabled.
[2025.08.28 08:42:23] [INFO] --- Script finished: Reset-PowerShellProfiles.ps1. ---
[2025.08.28 08:44:09] [INFO] Configuration applied successfully.
[2025.08.28 08:44:10] [INFO] Restarting GUI to apply language change...
[2025.08.28 08:44:13] [INFO] Restarting GUI to apply language change...
[2025.08.28 09:22:13] [INFO] Configuration applied successfully.
[2025.08.28 09:22:21] [INFO] Restarting GUI to apply language change...
[2025.08.28 09:22:23] [INFO] Restarting GUI to apply language change...
[2025.08.28 09:22:24] [INFO] Restarting GUI to apply language change...
[2025.08.28 09:22:25] [INFO] Restarting GUI to apply language change...
[2025.08.28 09:22:26] [INFO] Restarting GUI to apply language change...
[2025.08.28 09:26:26] [INFO] --- Script started: Reset-PowerShellProfiles.ps1 v08.00.15 ---
[2025.08.28 09:26:26] [INFO] Deleting existing PowerShell profiles...
[2025.08.28 09:26:26] [INFO]   - Deleted: C:\Program Files\PowerShell\7\profile.ps1
[2025.08.28 09:26:26] [INFO] Creating new profiles from templates...
[2025.08.28 09:26:26] [INFO]   - Created: C:\Program Files\PowerShell\7\profile.ps1
[2025.08.28 09:26:26] [INFO]   - Created: C:\Program Files\PowerShell\7\profileX.ps1
[2025.08.28 09:26:26] [INFO]   - Created: C:\Program Files\PowerShell\7\ProfileMOD.ps1
[2025.08.28 09:26:26] [INFO] PowerShell profiles have been reset successfully.
[2025.08.28 09:26:26] [INFO] Log archiving is disabled.
[2025.08.28 09:26:26] [INFO] --- Script finished: Reset-PowerShellProfiles.ps1. ---
[2025.08.28 09:27:34] [INFO] --- Script started: Reset-PowerShellProfiles.ps1 v08.00.15 ---
[2025.08.28 09:27:34] [INFO] Deleting existing PowerShell profiles...
[2025.08.28 09:27:34] [INFO]   - Deleted: C:\Windows\System32\WindowsPowerShell\v1.0\profile.ps1
[2025.08.28 09:27:34] [INFO] Creating new profiles from templates...
[2025.08.28 09:27:34] [INFO]   - Created: C:\WINDOWS\System32\WindowsPowerShell\v1.0\profile.ps1
[2025.08.28 09:27:34] [INFO]   - Created: C:\WINDOWS\System32\WindowsPowerShell\v1.0\profileX.ps1
[2025.08.28 09:27:34] [INFO]   - Created: C:\WINDOWS\System32\WindowsPowerShell\v1.0\ProfileMOD.ps1
[2025.08.28 09:27:35] [INFO] PowerShell profiles have been reset successfully.
[2025.08.28 09:27:35] [INFO] Log archiving is disabled.
[2025.08.28 09:27:35] [INFO] --- Script finished: Reset-PowerShellProfiles.ps1. ---
[2025.08.28 09:29:43] [INFO] Configuration applied successfully.
[2025.08.28 09:29:46] [INFO] Restarting GUI to apply language change...
[2025.08.28 09:29:47] [INFO] Restarting GUI to apply language change...
[2025.08.28 09:29:48] [INFO] Restarting GUI to apply language change...
[2025.08.28 09:29:49] [INFO] Restarting GUI to apply language change...
[2025.08.28 09:46:48] [INFO] --- Script started: Reset-PowerShellProfiles.ps1 v08.00.15 ---
[2025.08.28 09:46:48] [INFO] Deleting existing PowerShell profiles...
[2025.08.28 09:46:48] [INFO]   - Deleted: C:\Windows\System32\WindowsPowerShell\v1.0\profile.ps1
[2025.08.28 09:46:48] [INFO] Creating new profiles from templates...
[2025.08.28 09:46:48] [INFO]   - Created: C:\WINDOWS\System32\WindowsPowerShell\v1.0\profile.ps1
[2025.08.28 09:46:48] [INFO]   - Created: C:\WINDOWS\System32\WindowsPowerShell\v1.0\profileX.ps1
[2025.08.28 09:46:48] [INFO]   - Created: C:\WINDOWS\System32\WindowsPowerShell\v1.0\ProfileMOD.ps1
[2025.08.28 09:46:48] [INFO] PowerShell profiles have been reset successfully.
[2025.08.28 09:46:48] [INFO] Log archiving is disabled.
[2025.08.28 09:46:48] [INFO] --- Script finished: Reset-PowerShellProfiles.ps1. ---
[2025.08.28 09:47:04] [INFO] Configuration applied successfully.
[2025.08.28 09:47:06] [INFO] Configuration applied successfully.
[2025.08.28 09:47:06] [INFO] Restarting GUI to apply language change...
[2025.08.28 09:47:08] [INFO] Restarting GUI to apply language change...
[2025.08.28 09:47:09] [INFO] Restarting GUI to apply language change...
[2025.08.28 09:47:10] [INFO] Restarting GUI to apply language change...
[2025.08.28 09:47:10] [INFO] Restarting GUI to apply language change...
[2025.08.28 09:47:21] [INFO] Restarting GUI to apply language change...
[2025.08.28 09:48:30] [INFO] --- Script started: Reset-PowerShellProfiles.ps1 v08.00.15 ---
[2025.08.28 09:48:30] [INFO] Deleting existing PowerShell profiles...
[2025.08.28 09:48:30] [INFO]   - Deleted: C:\Program Files\PowerShell\7\profile.ps1
[2025.08.28 09:48:30] [INFO] Creating new profiles from templates...
[2025.08.28 09:48:30] [INFO]   - Created: C:\Program Files\PowerShell\7\profile.ps1
[2025.08.28 09:48:30] [INFO]   - Created: C:\Program Files\PowerShell\7\profileX.ps1
[2025.08.28 09:48:30] [INFO]   - Created: C:\Program Files\PowerShell\7\ProfileMOD.ps1
[2025.08.28 09:48:30] [INFO] PowerShell profiles have been reset successfully.
[2025.08.28 09:48:30] [INFO] Starting archive maintenance...
[2025.08.28 09:48:30] [INFO] --- Script finished: Reset-PowerShellProfiles.ps1. ---
[2025.08.28 09:48:52] [INFO] Configuration applied successfully.
[2025.08.28 09:48:54] [INFO] Restarting GUI to apply language change...
[2025.08.28 09:48:55] [INFO] Restarting GUI to apply language change...
[2025.08.28 09:48:56] [INFO] Restarting GUI to apply language change...
[2025.08.28 09:48:56] [INFO] Restarting GUI to apply language change...
[2025.08.28 09:48:57] [INFO] Restarting GUI to apply language change...
[2025.08.28 09:48:58] [INFO] Restarting GUI to apply language change...
[2025.08.28 09:48:58] [INFO] Restarting GUI to apply language change...
[2025.08.28 09:48:59] [INFO] Restarting GUI to apply language change...
[2025.08.28 09:49:04] [INFO] Restarting GUI to apply language change...
[2025.08.28 09:51:11] [INFO] Restarting GUI to apply language change...
[2025.08.28 10:54:55] [INFO] --- Script started: Reset-PowerShellProfiles.ps1 v08.00.15 ---
[2025.08.28 10:54:55] [INFO] Deleting existing PowerShell profiles...
[2025.08.28 10:54:55] [INFO]   - Deleted: C:\Windows\System32\WindowsPowerShell\v1.0\profile.ps1
[2025.08.28 10:54:55] [INFO] Creating new profiles from templates...
[2025.08.28 10:54:55] [INFO]   - Created: C:\WINDOWS\System32\WindowsPowerShell\v1.0\profile.ps1
[2025.08.28 10:54:55] [INFO]   - Created: C:\WINDOWS\System32\WindowsPowerShell\v1.0\profileX.ps1
[2025.08.28 10:54:55] [INFO]   - Created: C:\WINDOWS\System32\WindowsPowerShell\v1.0\ProfileMOD.ps1
[2025.08.28 10:54:55] [INFO] PowerShell profiles have been reset successfully.
[2025.08.28 10:54:55] [INFO] Starting archive maintenance...
[2025.08.28 10:54:55] [INFO] --- Script finished: Reset-PowerShellProfiles.ps1. ---
[2025.08.28 10:54:59] [INFO] --- Script started: Reset-PowerShellProfiles.ps1 v08.00.15 ---
[2025.08.28 10:54:59] [INFO] Deleting existing PowerShell profiles...
[2025.08.28 10:54:59] [INFO]   - Deleted: C:\Windows\System32\WindowsPowerShell\v1.0\profile.ps1
[2025.08.28 10:54:59] [INFO] Creating new profiles from templates...
[2025.08.28 10:54:59] [INFO]   - Created: C:\WINDOWS\System32\WindowsPowerShell\v1.0\profile.ps1
[2025.08.28 10:54:59] [INFO]   - Created: C:\WINDOWS\System32\WindowsPowerShell\v1.0\profileX.ps1
[2025.08.28 10:54:59] [INFO]   - Created: C:\WINDOWS\System32\WindowsPowerShell\v1.0\ProfileMOD.ps1
[2025.08.28 10:55:00] [INFO] PowerShell profiles have been reset successfully.
[2025.08.28 10:55:00] [INFO] Starting archive maintenance...
[2025.08.28 10:55:00] [INFO] --- Script finished: Reset-PowerShellProfiles.ps1. ---
[2025.08.28 11:01:25] [INFO] --- Script started: Reset-PowerShellProfiles.ps1 v08.00.15 ---
[2025.08.28 11:01:25] [INFO] Deleting existing PowerShell profiles...
[2025.08.28 11:01:26] [INFO]   - Deleted: C:\Program Files\PowerShell\7\profile.ps1
[2025.08.28 11:01:26] [INFO] Creating new profiles from templates...
[2025.08.28 11:01:26] [INFO]   - Created: C:\Program Files\PowerShell\7\profile.ps1
[2025.08.28 11:01:26] [INFO]   - Created: C:\Program Files\PowerShell\7\profileX.ps1
[2025.08.28 11:01:26] [INFO]   - Created: C:\Program Files\PowerShell\7\ProfileMOD.ps1
[2025.08.28 11:01:26] [INFO] PowerShell profiles have been reset successfully.
[2025.08.28 11:01:26] [INFO] Starting archive maintenance...
[2025.08.28 11:01:26] [INFO] --- Script finished: Reset-PowerShellProfiles.ps1. ---
[2025.08.28 11:01:53] [INFO] Restarting GUI to apply language change...
[2025.08.28 11:01:58] [INFO] Restarting GUI to apply language change...
[2025.08.28 11:02:04] [INFO] Restarting GUI to apply language change...
[2025.08.28 11:07:06] [INFO] --- Script started: Reset-PowerShellProfiles.ps1 v08.00.15 ---
[2025.08.28 11:07:06] [INFO] Deleting existing PowerShell profiles...
[2025.08.28 11:07:06] [INFO]   - Deleted: C:\Program Files\PowerShell\7\profile.ps1
[2025.08.28 11:07:06] [INFO] Creating new profiles from templates...
[2025.08.28 11:07:06] [INFO]   - Created: C:\Program Files\PowerShell\7\profile.ps1
[2025.08.28 11:07:06] [INFO]   - Created: C:\Program Files\PowerShell\7\profileX.ps1
[2025.08.28 11:07:06] [INFO]   - Created: C:\Program Files\PowerShell\7\ProfileMOD.ps1
[2025.08.28 11:07:06] [INFO] PowerShell profiles have been reset successfully.
[2025.08.28 11:07:06] [INFO] Starting archive maintenance...
[2025.08.28 11:07:06] [INFO] --- Script finished: Reset-PowerShellProfiles.ps1. ---
[2025.08.28 11:07:16] [INFO] --- Script started: Reset-PowerShellProfiles.ps1 v08.00.15 ---
[2025.08.28 11:07:16] [INFO] Deleting existing PowerShell profiles...
[2025.08.28 11:07:16] [INFO]   - Deleted: C:\Windows\System32\WindowsPowerShell\v1.0\profile.ps1
[2025.08.28 11:07:16] [INFO] Creating new profiles from templates...
[2025.08.28 11:07:16] [INFO]   - Created: C:\WINDOWS\System32\WindowsPowerShell\v1.0\profile.ps1
[2025.08.28 11:07:16] [INFO]   - Created: C:\WINDOWS\System32\WindowsPowerShell\v1.0\profileX.ps1
[2025.08.28 11:07:16] [INFO]   - Created: C:\WINDOWS\System32\WindowsPowerShell\v1.0\ProfileMOD.ps1
[2025.08.28 11:07:16] [INFO] PowerShell profiles have been reset successfully.
[2025.08.28 11:07:16] [INFO] Starting archive maintenance...
[2025.08.28 11:07:16] [INFO] --- Script finished: Reset-PowerShellProfiles.ps1. ---
[2025.08.28 11:07:20] [INFO] --- Script started: Reset-PowerShellProfiles.ps1 v08.00.15 ---
[2025.08.28 11:07:20] [INFO] Deleting existing PowerShell profiles...
[2025.08.28 11:07:20] [INFO]   - Deleted: C:\Windows\System32\WindowsPowerShell\v1.0\profile.ps1
[2025.08.28 11:07:20] [INFO] Creating new profiles from templates...
[2025.08.28 11:07:20] [INFO]   - Created: C:\WINDOWS\System32\WindowsPowerShell\v1.0\profile.ps1
[2025.08.28 11:07:20] [INFO]   - Created: C:\WINDOWS\System32\WindowsPowerShell\v1.0\profileX.ps1
[2025.08.28 11:07:20] [INFO]   - Created: C:\WINDOWS\System32\WindowsPowerShell\v1.0\ProfileMOD.ps1
[2025.08.28 11:07:20] [INFO] PowerShell profiles have been reset successfully.
[2025.08.28 11:07:20] [INFO] Starting archive maintenance...
[2025.08.28 11:07:20] [INFO] --- Script finished: Reset-PowerShellProfiles.ps1. ---
[2025.08.28 11:07:26] [INFO] --- Script started: Reset-PowerShellProfiles.ps1 v08.00.15 ---
[2025.08.28 11:07:26] [INFO] Deleting existing PowerShell profiles...
[2025.08.28 11:07:26] [INFO]   - Deleted: C:\Windows\System32\WindowsPowerShell\v1.0\profile.ps1
[2025.08.28 11:07:26] [INFO] Creating new profiles from templates...
[2025.08.28 11:07:26] [INFO]   - Created: C:\WINDOWS\System32\WindowsPowerShell\v1.0\profile.ps1
[2025.08.28 11:07:26] [INFO]   - Created: C:\WINDOWS\System32\WindowsPowerShell\v1.0\profileX.ps1
[2025.08.28 11:07:26] [INFO]   - Created: C:\WINDOWS\System32\WindowsPowerShell\v1.0\ProfileMOD.ps1
[2025.08.28 11:07:26] [INFO] PowerShell profiles have been reset successfully.
[2025.08.28 11:07:26] [INFO] Starting archive maintenance...
[2025.08.28 11:07:26] [INFO] --- Script finished: Reset-PowerShellProfiles.ps1. ---
[2025.08.28 11:07:58] [INFO] Configuration applied successfully.
[2025.08.28 11:08:00] [INFO] Restarting GUI to apply language change...
[2025.08.28 11:08:02] [INFO] Restarting GUI to apply language change...
[2025.08.28 11:08:04] [INFO] Restarting GUI to apply language change...
[2025.08.28 11:08:05] [INFO] Restarting GUI to apply language change...
[2025.08.28 11:08:10] [INFO] Restarting GUI to apply language change...
[2025.08.28 11:08:13] [INFO] Restarting GUI to apply language change...
[2025.08.28 11:08:17] [INFO] Restarting GUI to apply language change...
[2025.08.28 11:08:22] [INFO] Restarting GUI to apply language change...
[2025.08.28 11:19:26] [INFO] --- Script started: Reset-PowerShellProfiles.ps1 v08.00.15 ---
[2025.08.28 11:19:26] [INFO] Deleting existing PowerShell profiles...
[2025.08.28 11:19:26] [INFO]   - Deleted: C:\Program Files\PowerShell\7\profile.ps1
[2025.08.28 11:19:26] [INFO] Creating new profiles from templates...
[2025.08.28 11:19:26] [INFO]   - Created: C:\Program Files\PowerShell\7\profile.ps1
[2025.08.28 11:19:26] [INFO]   - Created: C:\Program Files\PowerShell\7\profileX.ps1
[2025.08.28 11:19:26] [INFO]   - Created: C:\Program Files\PowerShell\7\ProfileMOD.ps1
[2025.08.28 11:19:26] [INFO] PowerShell profiles have been reset successfully.
[2025.08.28 11:19:26] [INFO] Starting archive maintenance...
[2025.08.28 11:19:26] [INFO] --- Script finished: Reset-PowerShellProfiles.ps1. ---
[2025.08.28 11:19:49] [INFO] Restarting GUI to apply language change...
[2025.08.28 11:19:51] [INFO] Restarting GUI to apply language change...
[2025.08.28 11:19:52] [INFO] Restarting GUI to apply language change...
[2025.08.28 11:19:53] [INFO] Restarting GUI to apply language change...
[2025.08.28 11:19:54] [INFO] Restarting GUI to apply language change...
[2025.08.28 11:19:56] [INFO] Restarting GUI to apply language change...
[2025.08.28 11:20:02] [INFO] Restarting GUI to apply language change...
[2025.08.28 11:26:38] [INFO] --- Script started: Reset-PowerShellProfiles.ps1 v08.00.15 ---
[2025.08.28 11:26:38] [INFO] Deleting existing PowerShell profiles...
[2025.08.28 11:26:38] [INFO]   - Deleted: C:\Program Files\PowerShell\7\profile.ps1
[2025.08.28 11:26:38] [INFO] Creating new profiles from templates...
[2025.08.28 11:26:38] [INFO]   - Created: C:\Program Files\PowerShell\7\profile.ps1
[2025.08.28 11:26:38] [INFO]   - Created: C:\Program Files\PowerShell\7\profileX.ps1
[2025.08.28 11:26:38] [INFO]   - Created: C:\Program Files\PowerShell\7\ProfileMOD.ps1
[2025.08.28 11:26:38] [INFO] PowerShell profiles have been reset successfully.
[2025.08.28 11:26:38] [INFO] Starting archive maintenance...
[2025.08.28 11:26:38] [INFO] --- Script finished: Reset-PowerShellProfiles.ps1. ---
[2025.08.28 12:14:04] [INFO] --- Script started: Reset-PowerShellProfiles.ps1 v08.00.15 ---
[2025.08.28 12:14:04] [INFO] Deleting existing PowerShell profiles...
[2025.08.28 12:14:04] [INFO]   - Deleted: C:\Program Files\PowerShell\7\profile.ps1
[2025.08.28 12:14:04] [INFO] Creating new profiles from templates...
[2025.08.28 12:14:04] [INFO]   - Created: C:\Program Files\PowerShell\7\profile.ps1
[2025.08.28 12:14:04] [INFO]   - Created: C:\Program Files\PowerShell\7\profileX.ps1
[2025.08.28 12:14:04] [INFO]   - Created: C:\Program Files\PowerShell\7\ProfileMOD.ps1
[2025.08.28 12:14:04] [INFO] PowerShell profiles have been reset successfully.
[2025.08.28 12:14:04] [INFO] Starting archive maintenance...
[2025.08.28 12:14:04] [INFO] --- Script finished: Reset-PowerShellProfiles.ps1. ---
[2025.08.28 12:14:52] [INFO] --- Script started: Reset-PowerShellProfiles.ps1 v08.00.15 ---
[2025.08.28 12:14:52] [INFO] Deleting existing PowerShell profiles...
[2025.08.28 12:14:52] [INFO]   - Deleted: C:\Program Files\PowerShell\7\profile.ps1
[2025.08.28 12:14:52] [INFO] Creating new profiles from templates...
[2025.08.28 12:14:52] [INFO]   - Created: C:\Program Files\PowerShell\7\profile.ps1
[2025.08.28 12:14:52] [INFO]   - Created: C:\Program Files\PowerShell\7\profileX.ps1
[2025.08.28 12:14:52] [INFO]   - Created: C:\Program Files\PowerShell\7\ProfileMOD.ps1
[2025.08.28 12:14:52] [INFO] PowerShell profiles have been reset successfully.
[2025.08.28 12:14:52] [INFO] Starting archive maintenance...
[2025.08.28 12:14:52] [INFO] --- Script finished: Reset-PowerShellProfiles.ps1. ---
[2025.08.28 12:15:19] [INFO] Configuration applied successfully.
[2025.08.28 12:15:22] [INFO] Restarting GUI to apply language change...
[2025.08.28 12:15:23] [INFO] Restarting GUI to apply language change...
[2025.08.28 12:15:29] [INFO] Restarting GUI to apply language change...
[2025.08.28 12:15:30] [INFO] Restarting GUI to apply language change...
[2025.08.28 12:15:31] [INFO] Restarting GUI to apply language change...
[2025.08.28 12:17:13] [INFO] Restarting GUI to apply language change...
[2025.08.28 12:17:14] [INFO] Restarting GUI to apply language change...
[2025.08.28 12:19:32] [INFO] --- Script started: Reset-PowerShellProfiles.ps1 v08.00.15 ---
[2025.08.28 12:19:32] [INFO] Deleting existing PowerShell profiles...
[2025.08.28 12:19:32] [INFO]   - Deleted: C:\Program Files\PowerShell\7\profile.ps1
[2025.08.28 12:19:32] [INFO] Creating new profiles from templates...
[2025.08.28 12:19:32] [INFO]   - Created: C:\Program Files\PowerShell\7\profile.ps1
[2025.08.28 12:19:32] [INFO]   - Created: C:\Program Files\PowerShell\7\profileX.ps1
[2025.08.28 12:19:32] [INFO]   - Created: C:\Program Files\PowerShell\7\ProfileMOD.ps1
[2025.08.28 12:19:32] [INFO] PowerShell profiles have been reset successfully.
[2025.08.28 12:19:32] [INFO] Starting archive maintenance...
[2025.08.28 12:19:33] [INFO] --- Script finished: Reset-PowerShellProfiles.ps1. ---
[2025.08.28 12:19:42] [INFO] Starting version control for configuration file...
[2025.08.28 12:19:42] [INFO] Configuration is up to date.
[2025.08.28 12:22:57] [INFO] --- Script started: Reset-PowerShellProfiles.ps1 v08.00.15 ---
[2025.08.28 12:22:57] [INFO] Deleting existing PowerShell profiles...
[2025.08.28 12:22:57] [INFO]   - Deleted: C:\Program Files\PowerShell\7\profile.ps1
[2025.08.28 12:22:57] [INFO] Creating new profiles from templates...
[2025.08.28 12:22:57] [INFO]   - Created: C:\Program Files\PowerShell\7\profile.ps1
[2025.08.28 12:22:57] [INFO]   - Created: C:\Program Files\PowerShell\7\profileX.ps1
[2025.08.28 12:22:57] [INFO]   - Created: C:\Program Files\PowerShell\7\ProfileMOD.ps1
[2025.08.28 12:22:57] [INFO] PowerShell profiles have been reset successfully.
[2025.08.28 12:22:57] [INFO] Starting archive maintenance...
[2025.08.28 12:22:57] [INFO] --- Script finished: Reset-PowerShellProfiles.ps1. ---
[2025.08.28 12:23:15] [INFO] Starting version control for configuration file...
[2025.08.28 12:23:15] [WARNING] Missing property in configuration found. Adding 'GitUpdate'.
[2025.08.28 12:23:19] [INFO] Configuration file has been updated. Saving changes.
[2025.08.28 12:23:19] [ERROR] Error saving configuration file: Cannot bind argument to parameter 'Path' because it is an empty string.
[2025.08.28 12:23:27] [INFO] Restarting GUI to apply language change...
[2025.08.28 12:23:27] [INFO] Starting version control for configuration file...
[2025.08.28 12:23:27] [INFO] Configuration is up to date.
[2025.08.28 12:23:30] [INFO] Restarting GUI to apply language change...
[2025.08.28 12:23:30] [INFO] Starting version control for configuration file...
[2025.08.28 12:23:30] [INFO] Configuration is up to date.
[2025.08.28 12:23:32] [INFO] Restarting GUI to apply language change...
[2025.08.28 12:23:32] [INFO] Starting version control for configuration file...
[2025.08.28 12:23:32] [INFO] Configuration is up to date.
[2025.08.28 12:23:33] [INFO] Restarting GUI to apply language change...
[2025.08.28 12:23:33] [INFO] Starting version control for configuration file...
[2025.08.28 12:23:33] [INFO] Configuration is up to date.
[2025.08.28 12:23:34] [INFO] Restarting GUI to apply language change...
[2025.08.28 12:23:34] [INFO] Starting version control for configuration file...
[2025.08.28 12:23:34] [INFO] Configuration is up to date.
[2025.08.28 12:23:34] [INFO] Restarting GUI to apply language change...
[2025.08.28 12:23:34] [INFO] Starting version control for configuration file...
[2025.08.28 12:23:34] [INFO] Configuration is up to date.
[2025.08.28 12:24:00] [INFO] Restarting GUI to apply language change...
[2025.08.28 12:24:00] [INFO] Starting version control for configuration file...
[2025.08.28 12:24:00] [INFO] Configuration is up to date.
[2025.08.28 12:30:37] [INFO] --- Script started: Reset-PowerShellProfiles.ps1 v08.00.15 ---
[2025.08.28 12:30:37] [INFO] Deleting existing PowerShell profiles...
[2025.08.28 12:30:37] [INFO]   - Deleted: C:\Program Files\PowerShell\7\profile.ps1
[2025.08.28 12:30:37] [INFO] Creating new profiles from templates...
[2025.08.28 12:30:37] [INFO]   - Created: C:\Program Files\PowerShell\7\profile.ps1
[2025.08.28 12:30:37] [INFO]   - Created: C:\Program Files\PowerShell\7\profileX.ps1
[2025.08.28 12:30:37] [INFO]   - Created: C:\Program Files\PowerShell\7\ProfileMOD.ps1
[2025.08.28 12:30:37] [INFO] PowerShell profiles have been reset successfully.
[2025.08.28 12:30:37] [INFO] Starting archive maintenance...
[2025.08.28 12:30:37] [INFO] --- Script finished: Reset-PowerShellProfiles.ps1. ---
[2025.08.28 12:30:45] [INFO] Starting version control for configuration file...
[2025.08.28 12:30:45] [INFO] Configuration is up to date.
[2025.08.28 12:33:22] [INFO] --- Script started: Reset-PowerShellProfiles.ps1 v08.00.15 ---
[2025.08.28 12:33:22] [INFO] Deleting existing PowerShell profiles...
[2025.08.28 12:33:22] [INFO]   - Deleted: C:\Program Files\PowerShell\7\profile.ps1
[2025.08.28 12:33:22] [INFO] Creating new profiles from templates...
[2025.08.28 12:33:22] [INFO]   - Created: C:\Program Files\PowerShell\7\profile.ps1
[2025.08.28 12:33:22] [INFO]   - Created: C:\Program Files\PowerShell\7\profileX.ps1
[2025.08.28 12:33:22] [INFO]   - Created: C:\Program Files\PowerShell\7\ProfileMOD.ps1
[2025.08.28 12:33:22] [INFO] PowerShell profiles have been reset successfully.
[2025.08.28 12:33:22] [INFO] Starting archive maintenance...
[2025.08.28 12:33:22] [INFO] --- Script finished: Reset-PowerShellProfiles.ps1. ---
[2025.08.28 12:33:44] [INFO] --- Script started: Reset-PowerShellProfiles.ps1 v08.00.15 ---
[2025.08.28 12:33:44] [INFO] Deleting existing PowerShell profiles...
[2025.08.28 12:33:44] [INFO]   - Deleted: C:\Program Files\PowerShell\7\profile.ps1
[2025.08.28 12:33:44] [INFO] Creating new profiles from templates...
[2025.08.28 12:33:44] [INFO]   - Created: C:\Program Files\PowerShell\7\profile.ps1
[2025.08.28 12:33:44] [INFO]   - Created: C:\Program Files\PowerShell\7\profileX.ps1
[2025.08.28 12:33:44] [INFO]   - Created: C:\Program Files\PowerShell\7\ProfileMOD.ps1
[2025.08.28 12:33:44] [INFO] PowerShell profiles have been reset successfully.
[2025.08.28 12:33:44] [INFO] Starting archive maintenance...
[2025.08.28 12:33:44] [INFO] --- Script finished: Reset-PowerShellProfiles.ps1. ---
[2025.08.28 12:33:50] [INFO] Starting version control for configuration file...
[2025.08.28 12:33:50] [INFO] Configuration is up to date.
[2025.08.28 12:33:58] [INFO] Restarting GUI to apply language change...
[2025.08.28 12:33:58] [INFO] Starting version control for configuration file...
[2025.08.28 12:33:59] [INFO] Configuration is up to date.
[2025.08.28 12:34:02] [INFO] Configuration applied successfully.
[2025.08.28 12:34:02] [INFO] Restarting GUI to apply language change...
[2025.08.28 12:34:02] [INFO] Starting version control for configuration file...
[2025.08.28 12:34:02] [INFO] Configuration is up to date.
[2025.08.28 12:34:10] [INFO] Restarting GUI to apply language change...
[2025.08.28 12:34:10] [INFO] Starting version control for configuration file...
[2025.08.28 12:34:10] [INFO] Configuration is up to date.
[2025.08.28 12:36:06] [INFO] --- Script started: Reset-PowerShellProfiles.ps1 v08.00.15 ---
[2025.08.28 12:36:06] [INFO] Deleting existing PowerShell profiles...
[2025.08.28 12:36:06] [INFO]   - Deleted: C:\Program Files\PowerShell\7\profile.ps1
[2025.08.28 12:36:06] [INFO] Creating new profiles from templates...
[2025.08.28 12:36:06] [INFO]   - Created: C:\Program Files\PowerShell\7\profile.ps1
[2025.08.28 12:36:06] [INFO]   - Created: C:\Program Files\PowerShell\7\profileX.ps1
[2025.08.28 12:36:06] [INFO]   - Created: C:\Program Files\PowerShell\7\ProfileMOD.ps1
[2025.08.28 12:36:06] [INFO] PowerShell profiles have been reset successfully.
[2025.08.28 12:36:06] [INFO] Starting archive maintenance...
[2025.08.28 12:36:06] [INFO] --- Script finished: Reset-PowerShellProfiles.ps1. ---
[2025.08.28 12:37:28] [INFO] Starting version control for configuration file...
[2025.08.28 12:37:28] [INFO] Configuration is up to date.
