[2025.08.29 11:47:20] [INFO] --- Script started: Reset-PowerShellProfiles.ps1 v08.00.15 ---
[2025.08.29 11:47:20] [INFO] Deleting existing PowerShell profiles...
[2025.08.29 11:47:20] [INFO]   - Deleted: C:\Program Files\PowerShell\7\profile.ps1
[2025.08.29 11:47:20] [INFO] Creating new profiles from templates...
[2025.08.29 11:47:20] [INFO]   - Created: C:\Program Files\PowerShell\7\profile.ps1
[2025.08.29 11:47:20] [INFO]   - Created: C:\Program Files\PowerShell\7\profileX.ps1
[2025.08.29 11:47:20] [INFO]   - Created: C:\Program Files\PowerShell\7\ProfileMOD.ps1
[2025.08.29 11:47:20] [INFO] PowerShell profiles have been reset successfully.
[2025.08.29 11:47:20] [INFO] Starting archive maintenance...
[2025.08.29 11:47:20] [INFO] --- Script finished: Reset-PowerShellProfiles.ps1. ---
[2025.08.29 11:47:27] [INFO] Starting version control for configuration file...
[2025.08.29 11:47:27] [INFO] Configuration is up to date.
[2025.08.29 12:12:02] [INFO] Configuration applied successfully.
[2025.08.29 12:12:04] [INFO] Restarting GUI to apply language change...
[2025.08.29 12:12:04] [INFO] Starting version control for configuration file...
[2025.08.29 12:12:04] [INFO] Configuration is up to date.
[2025.08.29 12:12:05] [INFO] Restarting GUI to apply language change...
[2025.08.29 12:12:05] [INFO] Starting version control for configuration file...
[2025.08.29 12:12:05] [INFO] Configuration is up to date.
[2025.08.29 12:12:06] [INFO] Restarting GUI to apply language change...
[2025.08.29 12:12:06] [INFO] Starting version control for configuration file...
[2025.08.29 12:12:06] [INFO] Configuration is up to date.
[2025.08.29 12:12:10] [INFO] Configuration applied successfully.
[2025.08.29 12:12:11] [INFO] Restarting GUI to apply language change...
[2025.08.29 12:12:11] [INFO] Starting version control for configuration file...
[2025.08.29 12:12:11] [INFO] Configuration is up to date.
[2025.08.29 12:12:12] [INFO] Restarting GUI to apply language change...
[2025.08.29 12:12:12] [INFO] Starting version control for configuration file...
[2025.08.29 12:12:12] [INFO] Configuration is up to date.
[2025.08.29 12:12:12] [INFO] Restarting GUI to apply language change...
[2025.08.29 12:12:12] [INFO] Starting version control for configuration file...
[2025.08.29 12:12:12] [INFO] Configuration is up to date.
[2025.08.29 12:12:12] [INFO] Restarting GUI to apply language change...
[2025.08.29 12:12:12] [INFO] Starting version control for configuration file...
[2025.08.29 12:12:12] [INFO] Configuration is up to date.
[2025.08.29 13:37:41] [INFO] --- Script started: Reset-PowerShellProfiles.ps1 v09.00.00 ---
[2025.08.29 13:37:41] [INFO] Deleting existing PowerShell profiles...
[2025.08.29 13:37:41] [INFO]   - Deleted: C:\Program Files\PowerShell\7\profile.ps1
[2025.08.29 13:37:41] [INFO] Creating new profiles from templates...
[2025.08.29 13:37:41] [INFO]   - Created: C:\Program Files\PowerShell\7\profile.ps1
[2025.08.29 13:37:41] [INFO]   - Created: C:\Program Files\PowerShell\7\profileX.ps1
[2025.08.29 13:37:41] [INFO]   - Created: C:\Program Files\PowerShell\7\ProfileMOD.ps1
[2025.08.29 13:37:41] [INFO] PowerShell profiles have been reset successfully.
[2025.08.29 13:37:41] [INFO] Starting archive maintenance...
[2025.08.29 13:37:41] [INFO] --- Script finished: Reset-PowerShellProfiles.ps1. ---
[2025.08.29 13:37:51] [INFO] Starting version control for configuration file...
[2025.08.29 13:37:51] [INFO] Configuration is up to date.
[2025.08.29 13:38:06] [INFO] Restarting GUI to apply language change...
[2025.08.29 13:38:06] [INFO] Starting version control for configuration file...
[2025.08.29 13:38:06] [INFO] Configuration is up to date.
[2025.08.29 13:38:08] [INFO] Restarting GUI to apply language change...
[2025.08.29 13:38:08] [INFO] Starting version control for configuration file...
[2025.08.29 13:38:08] [INFO] Configuration is up to date.
[2025.08.29 13:38:10] [INFO] Restarting GUI to apply language change...
[2025.08.29 13:38:10] [INFO] Starting version control for configuration file...
[2025.08.29 13:38:10] [INFO] Configuration is up to date.
[2025.08.29 13:38:11] [INFO] Restarting GUI to apply language change...
[2025.08.29 13:38:11] [INFO] Starting version control for configuration file...
[2025.08.29 13:38:11] [INFO] Configuration is up to date.
[2025.08.29 13:38:12] [INFO] Restarting GUI to apply language change...
[2025.08.29 13:38:12] [INFO] Starting version control for configuration file...
[2025.08.29 13:38:13] [INFO] Configuration is up to date.
[2025.08.29 13:38:14] [INFO] Restarting GUI to apply language change...
[2025.08.29 13:38:14] [INFO] Starting version control for configuration file...
[2025.08.29 13:38:14] [INFO] Configuration is up to date.
[2025.08.29 13:38:15] [INFO] Configuration applied successfully.
[2025.08.29 13:38:16] [INFO] Configuration applied successfully.
[2025.08.29 13:38:16] [INFO] Configuration applied successfully.
[2025.08.29 13:38:18] [INFO] Restarting GUI to apply language change...
[2025.08.29 13:38:18] [INFO] Starting version control for configuration file...
[2025.08.29 13:38:18] [INFO] Configuration is up to date.
[2025.08.29 13:38:19] [INFO] Restarting GUI to apply language change...
[2025.08.29 13:38:19] [INFO] Starting version control for configuration file...
[2025.08.29 13:38:19] [INFO] Configuration is up to date.
[2025.08.29 15:08:05] [INFO] Restarting GUI to apply language change...
[2025.08.29 15:08:05] [INFO] Starting version control for configuration file...
[2025.08.29 15:08:05] [INFO] Configuration is up to date.
