[2025-10-06 13:27:14] [INFO] === CertWebService Update OHNE PowerShell Remoting ===
[2025-10-06 13:27:14] [INFO] Server zu aktualisieren: 3
[2025-10-06 13:27:14] [INFO] WhatIf-Modus: True
[2025-10-06 13:27:14] [INFO] Manual-Modus: False
[2025-10-06 13:27:14] [INFO] === Step 1: Server-Status Verification (HTTP) ===
[2025-10-06 13:27:14] [INFO] Checking proman.uvw.meduniwien.ac.at...
[2025-10-06 13:27:14] [SUCCESS]   [OK] proman.uvw.meduniwien.ac.at - v10.0.2 - CertWebService running
[2025-10-06 13:27:14] [INFO] Checking evaextest01.srv.meduniwien.ac.at...
[2025-10-06 13:27:14] [SUCCESS]   [OK] evaextest01.srv.meduniwien.ac.at - v10.0.2 - CertWebService running
[2025-10-06 13:27:14] [INFO] Checking wsus.srv.meduniwien.ac.at...
[2025-10-06 13:27:14] [SUCCESS]   [OK] wsus.srv.meduniwien.ac.at - v10.0.2 - CertWebService running
[2025-10-06 13:27:14] [INFO] Server ready for update: 3
[2025-10-06 13:27:14] [INFO] === Step 2: Deploy auf Netzlaufwerk ===
[2025-10-06 13:27:17] [SUCCESS] Netzlaufwerk-Deployment erfolgreich
[2025-10-06 13:27:17] [INFO] === Step 3: Erstelle Update-Scripts für jeden Server ===
[2025-10-06 13:27:17] [INFO] Creating update script for proman.uvw.meduniwien.ac.at...
[2025-10-06 13:27:17] [INFO]   [WHATIF] Would create: \\itscmgmt03.srv.meduniwien.ac.at\iso\CertSurv\ServerUpdates\Update-proman.ps1
[2025-10-06 13:27:17] [INFO] Creating update script for evaextest01.srv.meduniwien.ac.at...
[2025-10-06 13:27:17] [INFO]   [WHATIF] Would create: \\itscmgmt03.srv.meduniwien.ac.at\iso\CertSurv\ServerUpdates\Update-evaextest01.ps1
[2025-10-06 13:27:17] [INFO] Creating update script for wsus.srv.meduniwien.ac.at...
[2025-10-06 13:27:17] [INFO]   [WHATIF] Would create: \\itscmgmt03.srv.meduniwien.ac.at\iso\CertSurv\ServerUpdates\Update-wsus.ps1
[2025-10-06 13:27:17] [INFO] === Step 4: Erstelle Master-Execution-Script ===
[2025-10-06 13:27:17] [INFO] [WHATIF] Would create master script: \\itscmgmt03.srv.meduniwien.ac.at\iso\CertSurv\ServerUpdates\MASTER-Execute-All-Updates.ps1
[2025-10-06 13:27:17] [INFO] === FINAL SUMMARY ===
[2025-10-06 13:27:17] [INFO] Ready servers: 3
[2025-10-06 13:27:17] [INFO] Scripts created: 0
[2025-10-06 13:27:17] [INFO] Scripts location: \\itscmgmt03.srv.meduniwien.ac.at\iso\CertSurv\ServerUpdates
[2025-10-06 13:27:17] [INFO] Log file: F:\DEV\repositories\LOG\Update-CertWebServices-NO-REMOTING-2025-10-06-1327.log
