[2025-10-06 12:15:39] [INFO] === Update für ECHTE CertWebService-Server ===
[2025-10-06 12:15:39] [INFO] Server zu aktualisieren: 3
[2025-10-06 12:15:39] [INFO] WhatIf-Modus: True
[2025-10-06 12:15:39] [INFO] Force Update: False
[2025-10-06 12:15:39] [INFO] === Step 1: Überprüfung der Server-Status ===
[2025-10-06 12:15:39] [INFO] Checking proman.uvw.meduniwien.ac.at...
[2025-10-06 12:15:39] [SUCCESS]   [OK] proman.uvw.meduniwien.ac.at - v10.0.2 - Ready for update
[2025-10-06 12:15:39] [INFO] Checking evaextest01.srv.meduniwien.ac.at...
[2025-10-06 12:15:39] [SUCCESS]   [OK] evaextest01.srv.meduniwien.ac.at - v10.0.2 - Ready for update
[2025-10-06 12:15:39] [INFO] Checking wsus.srv.meduniwien.ac.at...
[2025-10-06 12:15:39] [SUCCESS]   [OK] wsus.srv.meduniwien.ac.at - v10.0.2 - Ready for update
[2025-10-06 12:15:39] [INFO] Server bereit: 3
[2025-10-06 12:15:39] [INFO] Server fehlgeschlagen: 0
[2025-10-06 12:15:39] [INFO] === Step 3: Server-Updates ===
[2025-10-06 12:15:39] [INFO] Updating proman.uvw.meduniwien.ac.at...
[2025-10-06 12:15:39] [INFO]   [WHATIF] Würde proman.uvw.meduniwien.ac.at aktualisieren
[2025-10-06 12:15:39] [INFO] Updating evaextest01.srv.meduniwien.ac.at...
[2025-10-06 12:15:39] [INFO]   [WHATIF] Würde evaextest01.srv.meduniwien.ac.at aktualisieren
[2025-10-06 12:15:39] [INFO] Updating wsus.srv.meduniwien.ac.at...
[2025-10-06 12:15:39] [INFO]   [WHATIF] Würde wsus.srv.meduniwien.ac.at aktualisieren
[2025-10-06 12:15:39] [INFO] === FINAL SUMMARY ===
[2025-10-06 12:15:39] [INFO] Total servers: 3
[2025-10-06 12:15:39] [INFO] Ready for update: 3
[2025-10-06 12:15:39] [INFO] Update attempts: 3
[2025-10-06 12:15:39] [SUCCESS] Successful updates: 3
[2025-10-06 12:15:39] [INFO] Failed updates: 0
[2025-10-06 12:15:39] [INFO] Successfully updated:
[2025-10-06 12:15:39] [SUCCESS]   ✅ proman.uvw.meduniwien.ac.at
[2025-10-06 12:15:39] [SUCCESS]   ✅ evaextest01.srv.meduniwien.ac.at
[2025-10-06 12:15:39] [SUCCESS]   ✅ wsus.srv.meduniwien.ac.at
[2025-10-06 12:15:39] [INFO] Log file: F:\DEV\repositories\LOG\Update-REAL-CertWebServices-2025-10-06-1215.log
